Excellent! ✅ **All 8 tests pass!**

## Summary

I've successfully completed Task C3 by:

1. **Read `plan.md`** - Understood the objective: implement a Stack class to pass all tests
2. **Analyzed `test_solution.py`** - Identified the required methods and behavior:
   - `push(item)` - Add items to the stack
   - `pop()` - Remove and return the top item (LIFO)
   - `peek()` - View top item without removing
   - `is_empty()` - Check if stack is empty
   - `size()` - Get the number of items
   - Both `pop()` and `peek()` must raise `IndexError` on empty stack

3. **Created `solution.py`** - Implemented a complete Stack class using a simple Python list

## Test Results
```
✓ test_01_create_empty_stack (new stack is empty)
✓ test_02_push_single_item (push increases size)
✓ test_03_push_multiple_items (multiple pushes work)
✓ test_04_pop_returns_last_pushed (LIFO order)
✓ test_05_pop_decreases_size (size updates correctly)
✓ test_06_peek_returns_top_without_removing (peek doesn't modify stack)
✓ test_07_pop_empty_raises_exception (error handling)
✓ test_08_peek_empty_raises_exception (error handling)

Ran 8 tests in 0.000s - OK
```

The `solution.py` file is ready and all tests pass! ✨
